<?xml version="1.0" encoding="UTF-8"?>
<!-- Generated by org.testng.reporters.JUnitXMLReporter -->
<testsuite hostname="MOMIN" ignored="1" name="Make my Trip Test Cases in Firefox" tests="2" failures="0" timestamp="2020-03-26T14:12:22 IST" time="130.729" errors="0">
  <testcase name="clickFlight" time="8.029" classname="com.make.trip.testcases.FlightPageTest1"/>
  <testcase name="fillFlightBookingDetails" time="46.821" classname="com.make.trip.testcases.FlightPageTest1"/>
  <testcase name="bookFlightDetails" time="0.0" classname="com.make.trip.testcases.FlightPageTest1">
    <ignored/>
  </testcase> <!-- bookFlightDetails -->
</testsuite> <!-- Make my Trip Test Cases in Firefox -->
