<?xml version="1.0" encoding="UTF-8"?>
<!-- Generated by org.testng.reporters.JUnitXMLReporter -->
<testsuite hostname="MOMIN" ignored="1" name="Make my Trip Test Cases in Chrome" tests="2" failures="0" timestamp="2020-03-26T14:14:13 IST" time="110.841" errors="0">
  <testcase name="clickFlight" time="0.29" classname="com.make.trip.testcases.FlightPageTest1"/>
  <testcase name="fillFlightBookingDetails" time="33.582" classname="com.make.trip.testcases.FlightPageTest1"/>
  <testcase name="bookFlightDetails" time="0.0" classname="com.make.trip.testcases.FlightPageTest1">
    <ignored/>
  </testcase> <!-- bookFlightDetails -->
</testsuite> <!-- Make my Trip Test Cases in Chrome -->
